<?xml version="1.0" encoding="UTF-8"?>
<testsuite xmlns:xsi="http://www.w3.org/2001/XMLSchema-instance" xsi:noNamespaceSchemaLocation="https://maven.apache.org/surefire/maven-surefire-plugin/xsd/surefire-test-report-3.0.xsd" version="3.0" name="es.vedruna.appVedruna.Micro01ApplicationTests" time="4.576" tests="1" errors="0" skipped="0" failures="0">
  <properties>
[...]
</properties>
  <testcase name="contextLoads" classname="es.vedruna.appVedruna.Micro01ApplicationTests" time="0.642">
    <system-out><![CDATA[19:17:11.898 [main] INFO org.springframework.test.context.support.AnnotationConfigContextLoaderUtils -- Could not detect default configuration classes for test class [es.vedruna.appVedruna.Micro01ApplicationTests]: Micro01ApplicationTests does not declare any static, non-private, non-final, nested classes annotated with @Configuration.
19:17:11.978 [main] INFO org.springframework.boot.test.context.SpringBootTestContextBootstrapper -- Found @SpringBootConfiguration es.vedruna.appVedruna.Micro01Application for test class es.vedruna.appVedruna.Micro01ApplicationTests

  .   ____          _            __ _ _
 /\\ / ___'_ __ _ _(_)_ __  __ _ \ \ \ \
( ( )\___ | '_ | '_| | '_ \/ _` | \ \ \ \
 \\/  ___)| |_)| | | | | || (_| |  ) ) ) )
  '  |____| .__|_| |_|_| |_\__, | / / / /
 =========|_|==============|___/=/_/_/_/

 :: Spring Boot ::                (v3.3.4)

2025-02-05T19:17:12.325+01:00  INFO 19028 --- [micro01] [           main] e.v.appVedruna.Micro01ApplicationTests   : Starting Micro01ApplicationTests using Java 17.0.12 with PID 19028 (started by orteg in C:\Users\orteg\Desktop\MicroServicioProyectoReact-master)
2025-02-05T19:17:12.326+01:00  INFO 19028 --- [micro01] [           main] e.v.appVedruna.Micro01ApplicationTests   : No active profile set, falling back to 1 default profile: "default"
2025-02-05T19:17:13.040+01:00  INFO 19028 --- [micro01] [           main] .s.d.r.c.RepositoryConfigurationDelegate : Multiple Spring Data modules found, entering strict repository configuration mode
2025-02-05T19:17:13.041+01:00  INFO 19028 --- [micro01] [           main] .s.d.r.c.RepositoryConfigurationDelegate : Bootstrapping Spring Data MongoDB repositories in DEFAULT mode.
2025-02-05T19:17:13.085+01:00  INFO 19028 --- [micro01] [           main] .s.d.r.c.RepositoryConfigurationDelegate : Finished Spring Data repository scanning in 39 ms. Found 4 MongoDB repository interfaces.
2025-02-05T19:17:13.810+01:00  INFO 19028 --- [micro01] [iqt.mongodb.net] org.mongodb.driver.cluster               : Adding discovered server cluster0-shard-00-00.f7iqt.mongodb.net:27017 to client view of cluster
2025-02-05T19:17:13.811+01:00  INFO 19028 --- [micro01] [           main] org.mongodb.driver.client                : MongoClient with metadata {"application": {"name": "Cluster0çç"}, "driver": {"name": "mongo-java-driver|sync|spring-boot", "version": "5.0.1"}, "os": {"type": "Windows", "name": "Windows 10", "architecture": "amd64", "version": "10.0"}, "platform": "Java/Oracle Corporation/17.0.12+8-LTS-286"} created with settings MongoClientSettings{readPreference=primary, writeConcern=WriteConcern{w=majority, wTimeout=null ms, journal=null}, retryWrites=true, retryReads=true, readConcern=ReadConcern{level=null}, credential=MongoCredential{mechanism=null, userName='root', source='admin', password=<hidden>, mechanismProperties=<hidden>}, transportSettings=null, commandListeners=[io.micrometer.core.instrument.binder.mongodb.MongoMetricsCommandListener@1fcaea93], codecRegistry=ProvidersCodecRegistry{codecProviders=[ValueCodecProvider{}, BsonValueCodecProvider{}, DBRefCodecProvider{}, DBObjectCodecProvider{}, DocumentCodecProvider{}, CollectionCodecProvider{}, IterableCodecProvider{}, MapCodecProvider{}, GeoJsonCodecProvider{}, GridFSFileCodecProvider{}, Jsr310CodecProvider{}, JsonObjectCodecProvider{}, BsonCodecProvider{}, EnumCodecProvider{}, com.mongodb.client.model.mql.ExpressionCodecProvider@730bea0, com.mongodb.Jep395RecordCodecProvider@41a16eb3, com.mongodb.KotlinCodecProvider@677cb96e]}, loggerSettings=LoggerSettings{maxDocumentLength=1000}, clusterSettings={hosts=[127.0.0.1:27017], srvHost=cluster0.f7iqt.mongodb.net, srvServiceName=mongodb, mode=MULTIPLE, requiredClusterType=REPLICA_SET, requiredReplicaSetName='atlas-t83spz-shard-0', serverSelector='null', clusterListeners='[]', serverSelectionTimeout='30000 ms', localThreshold='15 ms'}, socketSettings=SocketSettings{connectTimeoutMS=10000, readTimeoutMS=0, receiveBufferSize=0, proxySettings=ProxySettings{host=null, port=null, username=null, password=null}}, heartbeatSocketSettings=SocketSettings{connectTimeoutMS=10000, readTimeoutMS=10000, receiveBufferSize=0, proxySettings=ProxySettings{host=null, port=null, username=null, password=null}}, connectionPoolSettings=ConnectionPoolSettings{maxSize=100, minSize=0, maxWaitTimeMS=120000, maxConnectionLifeTimeMS=0, maxConnectionIdleTimeMS=0, maintenanceInitialDelayMS=0, maintenanceFrequencyMS=60000, connectionPoolListeners=[io.micrometer.core.instrument.binder.mongodb.MongoMetricsConnectionPoolListener@2ba024cb], maxConnecting=2}, serverSettings=ServerSettings{heartbeatFrequencyMS=10000, minHeartbeatFrequencyMS=500, serverListeners='[]', serverMonitorListeners='[]'}, sslSettings=SslSettings{enabled=true, invalidHostNameAllowed=false, context=null}, applicationName='Cluster0çç', compressorList=[], uuidRepresentation=JAVA_LEGACY, serverApi=null, autoEncryptionSettings=null, dnsClient=null, inetAddressResolver=null, contextProvider=null}
2025-02-05T19:17:13.835+01:00  INFO 19028 --- [micro01] [iqt.mongodb.net] org.mongodb.driver.cluster               : Adding discovered server cluster0-shard-00-01.f7iqt.mongodb.net:27017 to client view of cluster
2025-02-05T19:17:13.838+01:00  INFO 19028 --- [micro01] [iqt.mongodb.net] org.mongodb.driver.cluster               : Adding discovered server cluster0-shard-00-02.f7iqt.mongodb.net:27017 to client view of cluster
2025-02-05T19:17:14.213+01:00  INFO 19028 --- [micro01] [ngodb.net:27017] org.mongodb.driver.cluster               : Monitor thread successfully connected to server with description ServerDescription{address=cluster0-shard-00-00.f7iqt.mongodb.net:27017, type=REPLICA_SET_SECONDARY, state=CONNECTED, ok=true, minWireVersion=0, maxWireVersion=25, maxDocumentSize=16777216, logicalSessionTimeoutMinutes=30, roundTripTimeNanos=216111000, setName='atlas-t83spz-shard-0', canonicalAddress=cluster0-shard-00-00.f7iqt.mongodb.net:27017, hosts=[cluster0-shard-00-01.f7iqt.mongodb.net:27017, cluster0-shard-00-00.f7iqt.mongodb.net:27017, cluster0-shard-00-02.f7iqt.mongodb.net:27017], passives=[], arbiters=[], primary='cluster0-shard-00-02.f7iqt.mongodb.net:27017', tagSet=TagSet{[Tag{name='availabilityZone', value='euw3-az1'}, Tag{name='diskState', value='READY'}, Tag{name='nodeType', value='ELECTABLE'}, Tag{name='provider', value='AWS'}, Tag{name='region', value='EU_WEST_3'}, Tag{name='workloadType', value='OPERATIONAL'}]}, electionId=null, setVersion=88, topologyVersion=TopologyVersion{processId=679e80ddbe8a07abb8c5c44c, counter=4}, lastWriteDate=Wed Feb 05 19:17:13 CET 2025, lastUpdateTimeNanos=15990041691200}
2025-02-05T19:17:14.213+01:00  INFO 19028 --- [micro01] [ngodb.net:27017] org.mongodb.driver.cluster               : Monitor thread successfully connected to server with description ServerDescription{address=cluster0-shard-00-01.f7iqt.mongodb.net:27017, type=REPLICA_SET_SECONDARY, state=CONNECTED, ok=true, minWireVersion=0, maxWireVersion=25, maxDocumentSize=16777216, logicalSessionTimeoutMinutes=30, roundTripTimeNanos=220241400, setName='atlas-t83spz-shard-0', canonicalAddress=cluster0-shard-00-01.f7iqt.mongodb.net:27017, hosts=[cluster0-shard-00-01.f7iqt.mongodb.net:27017, cluster0-shard-00-00.f7iqt.mongodb.net:27017, cluster0-shard-00-02.f7iqt.mongodb.net:27017], passives=[], arbiters=[], primary='cluster0-shard-00-02.f7iqt.mongodb.net:27017', tagSet=TagSet{[Tag{name='availabilityZone', value='euw3-az2'}, Tag{name='diskState', value='READY'}, Tag{name='nodeType', value='ELECTABLE'}, Tag{name='provider', value='AWS'}, Tag{name='region', value='EU_WEST_3'}, Tag{name='workloadType', value='OPERATIONAL'}]}, electionId=null, setVersion=88, topologyVersion=TopologyVersion{processId=679e86cf1ccd766b242ed91c, counter=3}, lastWriteDate=Wed Feb 05 19:17:13 CET 2025, lastUpdateTimeNanos=15990041691300}
2025-02-05T19:17:14.213+01:00  INFO 19028 --- [micro01] [ngodb.net:27017] org.mongodb.driver.cluster               : Monitor thread successfully connected to server with description ServerDescription{address=cluster0-shard-00-02.f7iqt.mongodb.net:27017, type=REPLICA_SET_PRIMARY, state=CONNECTED, ok=true, minWireVersion=0, maxWireVersion=25, maxDocumentSize=16777216, logicalSessionTimeoutMinutes=30, roundTripTimeNanos=219584800, setName='atlas-t83spz-shard-0', canonicalAddress=cluster0-shard-00-02.f7iqt.mongodb.net:27017, hosts=[cluster0-shard-00-01.f7iqt.mongodb.net:27017, cluster0-shard-00-00.f7iqt.mongodb.net:27017, cluster0-shard-00-02.f7iqt.mongodb.net:27017], passives=[], arbiters=[], primary='cluster0-shard-00-02.f7iqt.mongodb.net:27017', tagSet=TagSet{[Tag{name='availabilityZone', value='euw3-az3'}, Tag{name='diskState', value='READY'}, Tag{name='nodeType', value='ELECTABLE'}, Tag{name='provider', value='AWS'}, Tag{name='region', value='EU_WEST_3'}, Tag{name='workloadType', value='OPERATIONAL'}]}, electionId=7fffffff00000000000000d3, setVersion=88, topologyVersion=TopologyVersion{processId=679e844c859fb875a0402ec6, counter=6}, lastWriteDate=Wed Feb 05 19:17:13 CET 2025, lastUpdateTimeNanos=15990041691200}
2025-02-05T19:17:14.216+01:00  INFO 19028 --- [micro01] [ngodb.net:27017] org.mongodb.driver.cluster               : Discovered replica set primary cluster0-shard-00-02.f7iqt.mongodb.net:27017 with max election id 7fffffff00000000000000d3 and max set version 88
2025-02-05T19:17:15.662+01:00  INFO 19028 --- [micro01] [           main] o.s.b.a.e.web.EndpointLinksResolver      : Exposing 1 endpoint beneath base path '/actuator'
2025-02-05T19:17:15.715+01:00  INFO 19028 --- [micro01] [           main] e.v.appVedruna.Micro01ApplicationTests   : Started Micro01ApplicationTests in 3.605 seconds (process running for 4.395)
]]></system-out>
    <system-err><![CDATA[feb 05, 2025 7:17:11 P. M. org.junit.platform.launcher.core.LauncherConfigurationParameters loadClasspathResource
WARNING: Discovered 2 'junit-platform.properties' configuration files in the classpath; only the first will be used.
feb 05, 2025 7:17:11 P. M. org.junit.platform.launcher.core.LauncherConfigurationParameters loadClasspathResource
WARNING: Discovered 2 'junit-platform.properties' configuration files in the classpath; only the first will be used.
feb 05, 2025 7:17:11 P. M. org.junit.platform.launcher.core.LauncherConfigurationParameters loadClasspathResource
WARNING: Discovered 2 'junit-platform.properties' configuration files in the classpath; only the first will be used.
]]></system-err>
  </testcase>
</testsuite>